c:\users\administrator\desktop\vs3013\brokenclassify\zy_dl_forbroken\zy_dl_forbroken\x64\release\vc140.pdb
c:\users\administrator\desktop\vs3013\brokenclassify\zy_dl_forbroken\zy_dl_forbroken\x64\release\dllmain.obj
c:\users\administrator\desktop\vs3013\brokenclassify\zy_dl_forbroken\zy_dl_forbroken\x64\release\zy_dl_forbroken.obj
c:\users\administrator\desktop\vs3013\brokenclassify\zy_dl_forbroken\zy_dl_forbroken\x64\release\stdafx.obj
c:\users\administrator\desktop\vs3013\brokenclassify\zy_dl_forbroken\zy_dl_forbroken\x64\release\zybrokenrecongition.obj
c:\users\administrator\desktop\vs3013\brokenclassify\zy_dl_forbroken\x64\release\zy_dl_forbroken.dll
c:\users\administrator\desktop\vs3013\brokenclassify\zy_dl_forbroken\x64\release\zy_dl_forbroken.ipdb
c:\users\administrator\desktop\vs3013\brokenclassify\zy_dl_forbroken\x64\release\zy_dl_forbroken.iobj
c:\users\administrator\desktop\vs3013\brokenclassify\zy_dl_forbroken\x64\release\zy_dl_forbroken.pdb
c:\users\administrator\desktop\vs3013\brokenclassify\zy_dl_forbroken\zy_dl_forbroken\x64\release\zy_dl_forbroken.res
c:\users\administrator\desktop\vs3013\brokenclassify\zy_dl_forbroken\x64\release\zy_dl_forbroken.lib
c:\users\administrator\desktop\vs3013\brokenclassify\zy_dl_forbroken\x64\release\zy_dl_forbroken.exp
c:\users\administrator\desktop\vs3013\brokenclassify\zy_dl_forbroken\zy_dl_forbroken\x64\release\zy_dl_forbroken.tlog\cl.command.1.tlog
c:\users\administrator\desktop\vs3013\brokenclassify\zy_dl_forbroken\zy_dl_forbroken\x64\release\zy_dl_forbroken.tlog\cl.read.1.tlog
c:\users\administrator\desktop\vs3013\brokenclassify\zy_dl_forbroken\zy_dl_forbroken\x64\release\zy_dl_forbroken.tlog\cl.write.1.tlog
c:\users\administrator\desktop\vs3013\brokenclassify\zy_dl_forbroken\zy_dl_forbroken\x64\release\zy_dl_forbroken.tlog\link.command.1.tlog
c:\users\administrator\desktop\vs3013\brokenclassify\zy_dl_forbroken\zy_dl_forbroken\x64\release\zy_dl_forbroken.tlog\link.read.1.tlog
c:\users\administrator\desktop\vs3013\brokenclassify\zy_dl_forbroken\zy_dl_forbroken\x64\release\zy_dl_forbroken.tlog\link.write.1.tlog
c:\users\administrator\desktop\vs3013\brokenclassify\zy_dl_forbroken\zy_dl_forbroken\x64\release\zy_dl_forbroken.tlog\rc.command.1.tlog
c:\users\administrator\desktop\vs3013\brokenclassify\zy_dl_forbroken\zy_dl_forbroken\x64\release\zy_dl_forbroken.tlog\rc.read.1.tlog
c:\users\administrator\desktop\vs3013\brokenclassify\zy_dl_forbroken\zy_dl_forbroken\x64\release\zy_dl_forbroken.tlog\rc.write.1.tlog
c:\users\administrator\desktop\vs3013\brokenclassify\zy_dl_forbroken\zy_dl_forbroken\x64\release\zy_dl_forbroken.tlog\zy_dl_forbroken.write.1u.tlog
